This is pdfTeX, Version 3.14159265-2.6-1.40.20 (TeX Live 2019/Debian) (preloaded format=pdflatex 2020.9.15)  15 SEP 2020 23:08
entering extended mode
 restricted \write18 enabled.
 %&-line parsing enabled.
**main.tex
(./main.tex
LaTeX2e <2020-02-02> patch level 2
L3 programming layer <2020-02-14>
(/usr/share/texlive/texmf-dist/tex/latex/base/article.cls
Document Class: article 2019/12/20 v1.4l Standard LaTeX document class
(/usr/share/texlive/texmf-dist/tex/latex/base/size10.clo
File: size10.clo 2019/12/20 v1.4l Standard LaTeX file (size option)
)
\c@part=\count167
\c@section=\count168
\c@subsection=\count169
\c@subsubsection=\count170
\c@paragraph=\count171
\c@subparagraph=\count172
\c@figure=\count173
\c@table=\count174
\abovecaptionskip=\skip47
\belowcaptionskip=\skip48
\bibindent=\dimen134
)
(/usr/share/texlive/texmf-dist/tex/latex/base/inputenc.sty
Package: inputenc 2018/08/11 v1.3c Input encoding file
\inpenc@prehook=\toks14
\inpenc@posthook=\toks15
)
(/usr/share/texlive/texmf-dist/tex/latex/preprint/fullpage.sty
Package: fullpage 1999/02/23 1.1 (PWD)
\FP@margin=\skip49
)
(/usr/share/texlive/texmf-dist/tex/latex/enumitem/enumitem.sty
Package: enumitem 2019/06/20 v3.9 Customized lists
\enitkv@toks@=\toks16
\labelindent=\skip50
\enit@outerparindent=\dimen135
\enit@toks=\toks17
\enit@inbox=\box45
\enit@count@id=\count175
\enitdp@description=\count176
)
(/usr/share/texlive/texmf-dist/tex/latex/amsmath/amsmath.sty
Package: amsmath 2020/01/20 v2.17e AMS math features
\@mathmargin=\skip51

For additional information on amsmath, use the `?' option.
(/usr/share/texlive/texmf-dist/tex/latex/amsmath/amstext.sty
Package: amstext 2000/06/29 v2.01 AMS text

(/usr/share/texlive/texmf-dist/tex/latex/amsmath/amsgen.sty
File: amsgen.sty 1999/11/30 v2.0 generic functions
\@emptytoks=\toks18
\ex@=\dimen136
))
(/usr/share/texlive/texmf-dist/tex/latex/amsmath/amsbsy.sty
Package: amsbsy 1999/11/29 v1.2d Bold Symbols
\pmbraise@=\dimen137
)
(/usr/share/texlive/texmf-dist/tex/latex/amsmath/amsopn.sty
Package: amsopn 2016/03/08 v2.02 operator names
)
\inf@bad=\count177
LaTeX Info: Redefining \frac on input line 227.
\uproot@=\count178
\leftroot@=\count179
LaTeX Info: Redefining \overline on input line 389.
\classnum@=\count180
\DOTSCASE@=\count181
LaTeX Info: Redefining \ldots on input line 486.
LaTeX Info: Redefining \dots on input line 489.
LaTeX Info: Redefining \cdots on input line 610.
\Mathstrutbox@=\box46
\strutbox@=\box47
\big@size=\dimen138
LaTeX Font Info:    Redeclaring font encoding OML on input line 733.
LaTeX Font Info:    Redeclaring font encoding OMS on input line 734.
\macc@depth=\count182
\c@MaxMatrixCols=\count183
\dotsspace@=\muskip16
\c@parentequation=\count184
\dspbrk@lvl=\count185
\tag@help=\toks19
\row@=\count186
\column@=\count187
\maxfields@=\count188
\andhelp@=\toks20
\eqnshift@=\dimen139
\alignsep@=\dimen140
\tagshift@=\dimen141
\tagwidth@=\dimen142
\totwidth@=\dimen143
\lineht@=\dimen144
\@envbody=\toks21
\multlinegap=\skip52
\multlinetaggap=\skip53
\mathdisplay@stack=\toks22
LaTeX Info: Redefining \[ on input line 2859.
LaTeX Info: Redefining \] on input line 2860.
)
(/usr/share/texlive/texmf-dist/tex/latex/amsfonts/amssymb.sty
Package: amssymb 2013/01/14 v3.01 AMS font symbols

(/usr/share/texlive/texmf-dist/tex/latex/amsfonts/amsfonts.sty
Package: amsfonts 2013/01/14 v3.01 Basic AMSFonts support
\symAMSa=\mathgroup4
\symAMSb=\mathgroup5
LaTeX Font Info:    Redeclaring math symbol \hbar on input line 98.
LaTeX Font Info:    Overwriting math alphabet `\mathfrak' in version `bold'
(Font)                  U/euf/m/n --> U/euf/b/n on input line 106.
))
(/usr/share/texlive/texmf-dist/tex/latex/graphics/graphicx.sty
Package: graphicx 2019/11/30 v1.2a Enhanced LaTeX Graphics (DPC,SPQR)

(/usr/share/texlive/texmf-dist/tex/latex/graphics/keyval.sty
Package: keyval 2014/10/28 v1.15 key=value parser (DPC)
\KV@toks@=\toks23
)
(/usr/share/texlive/texmf-dist/tex/latex/graphics/graphics.sty
Package: graphics 2019/11/30 v1.4a Standard LaTeX Graphics (DPC,SPQR)

(/usr/share/texlive/texmf-dist/tex/latex/graphics/trig.sty
Package: trig 2016/01/03 v1.10 sin cos tan (DPC)
)
(/usr/share/texlive/texmf-dist/tex/latex/graphics-cfg/graphics.cfg
File: graphics.cfg 2016/06/04 v1.11 sample graphics configuration
)
Package graphics Info: Driver file: pdftex.def on input line 105.

(/usr/share/texlive/texmf-dist/tex/latex/graphics-def/pdftex.def
File: pdftex.def 2018/01/08 v1.0l Graphics/color driver for pdftex
))
\Gin@req@height=\dimen145
\Gin@req@width=\dimen146
)
(/usr/share/texlive/texmf-dist/tex/latex/caption/caption.sty
Package: caption 2020/01/03 v3.4h Customizing captions (AR)

(/usr/share/texlive/texmf-dist/tex/latex/caption/caption3.sty
Package: caption3 2020/01/03 v1.8h caption3 kernel (AR)
Package caption3 Info: TeX engine: e-TeX on input line 61.
\captionmargin=\dimen147
\captionmargin@=\dimen148
\captionwidth=\dimen149
\caption@tempdima=\dimen150
\caption@indent=\dimen151
\caption@parindent=\dimen152
\caption@hangindent=\dimen153
Package caption Info: Standard document class detected.
)
\c@caption@flags=\count189
\c@continuedfloat=\count190
)
(/usr/share/texlive/texmf-dist/tex/latex/hyperref/hyperref.sty
Package: hyperref 2020/01/14 v7.00d Hypertext links for LaTeX

(/usr/share/texlive/texmf-dist/tex/generic/ltxcmds/ltxcmds.sty
Package: ltxcmds 2019/12/15 v1.24 LaTeX kernel commands for general use (HO)
)
(/usr/share/texlive/texmf-dist/tex/generic/iftex/iftex.sty
Package: iftex 2019/11/07 v1.0c TeX engine tests
)
(/usr/share/texlive/texmf-dist/tex/latex/pdftexcmds/pdftexcmds.sty
Package: pdftexcmds 2019/11/24 v0.31 Utility functions of pdfTeX for LuaTeX (HO
)

(/usr/share/texlive/texmf-dist/tex/generic/infwarerr/infwarerr.sty
Package: infwarerr 2019/12/03 v1.5 Providing info/warning/error messages (HO)
)
Package pdftexcmds Info: \pdf@primitive is available.
Package pdftexcmds Info: \pdf@ifprimitive is available.
Package pdftexcmds Info: \pdfdraftmode found.
)
(/usr/share/texlive/texmf-dist/tex/generic/kvsetkeys/kvsetkeys.sty
Package: kvsetkeys 2019/12/15 v1.18 Key value parser (HO)
)
(/usr/share/texlive/texmf-dist/tex/generic/kvdefinekeys/kvdefinekeys.sty
Package: kvdefinekeys 2019-12-19 v1.6 Define keys (HO)
)
(/usr/share/texlive/texmf-dist/tex/generic/pdfescape/pdfescape.sty
Package: pdfescape 2019/12/09 v1.15 Implements pdfTeX's escape features (HO)
)
(/usr/share/texlive/texmf-dist/tex/latex/hycolor/hycolor.sty
Package: hycolor 2020-01-27 v1.10 Color options for hyperref/bookmark (HO)
)
(/usr/share/texlive/texmf-dist/tex/latex/letltxmacro/letltxmacro.sty
Package: letltxmacro 2019/12/03 v1.6 Let assignment for LaTeX macros (HO)
)
(/usr/share/texlive/texmf-dist/tex/latex/auxhook/auxhook.sty
Package: auxhook 2019-12-17 v1.6 Hooks for auxiliary files (HO)
)
(/usr/share/texlive/texmf-dist/tex/latex/kvoptions/kvoptions.sty
Package: kvoptions 2019/11/29 v3.13 Key value format for package options (HO)
)
\@linkdim=\dimen154
\Hy@linkcounter=\count191
\Hy@pagecounter=\count192

(/usr/share/texlive/texmf-dist/tex/latex/hyperref/pd1enc.def
File: pd1enc.def 2020/01/14 v7.00d Hyperref: PDFDocEncoding definition (HO)
Now handling font encoding PD1 ...
... no UTF-8 mapping file for font encoding PD1
)
(/usr/share/texlive/texmf-dist/tex/generic/intcalc/intcalc.sty
Package: intcalc 2019/12/15 v1.3 Expandable calculations with integers (HO)
)
(/usr/share/texlive/texmf-dist/tex/generic/etexcmds/etexcmds.sty
Package: etexcmds 2019/12/15 v1.7 Avoid name clashes with e-TeX commands (HO)
)
\Hy@SavedSpaceFactor=\count193
\pdfmajorversion=\count194
Package hyperref Info: Hyper figures OFF on input line 4547.
Package hyperref Info: Link nesting OFF on input line 4552.
Package hyperref Info: Hyper index ON on input line 4555.
Package hyperref Info: Plain pages OFF on input line 4562.
Package hyperref Info: Backreferencing OFF on input line 4567.
Package hyperref Info: Implicit mode ON; LaTeX internals redefined.
Package hyperref Info: Bookmarks ON on input line 4800.
\c@Hy@tempcnt=\count195

(/usr/share/texlive/texmf-dist/tex/latex/url/url.sty
\Urlmuskip=\muskip17
Package: url 2013/09/16  ver 3.4  Verb mode for urls, etc.
)
LaTeX Info: Redefining \url on input line 5159.
\XeTeXLinkMargin=\dimen155

(/usr/share/texlive/texmf-dist/tex/generic/bitset/bitset.sty
Package: bitset 2019/12/09 v1.3 Handle bit-vector datatype (HO)

(/usr/share/texlive/texmf-dist/tex/generic/bigintcalc/bigintcalc.sty
Package: bigintcalc 2019/12/15 v1.5 Expandable calculations on big integers (HO
)
))
\Fld@menulength=\count196
\Field@Width=\dimen156
\Fld@charsize=\dimen157
Package hyperref Info: Hyper figures OFF on input line 6430.
Package hyperref Info: Link nesting OFF on input line 6435.
Package hyperref Info: Hyper index ON on input line 6438.
Package hyperref Info: backreferencing OFF on input line 6445.
Package hyperref Info: Link coloring OFF on input line 6450.
Package hyperref Info: Link coloring with OCG OFF on input line 6455.
Package hyperref Info: PDF/A mode OFF on input line 6460.
LaTeX Info: Redefining \ref on input line 6500.
LaTeX Info: Redefining \pageref on input line 6504.

(/usr/share/texlive/texmf-dist/tex/generic/atbegshi/atbegshi.sty
Package: atbegshi 2019/12/05 v1.19 At begin shipout hook (HO)
)
\Hy@abspage=\count197
\c@Item=\count198
\c@Hfootnote=\count199
)
Package hyperref Info: Driver (autodetected): hpdftex.

(/usr/share/texlive/texmf-dist/tex/latex/hyperref/hpdftex.def
File: hpdftex.def 2020/01/14 v7.00d Hyperref driver for pdfTeX

(/usr/share/texlive/texmf-dist/tex/latex/atveryend/atveryend.sty
Package: atveryend 2019-12-11 v1.11 Hooks at the very end of document (HO)
Package atveryend Info: \enddocument detected (standard20110627).
)
\Fld@listcount=\count266
\c@bookmark@seq@number=\count267

(/usr/share/texlive/texmf-dist/tex/latex/rerunfilecheck/rerunfilecheck.sty
Package: rerunfilecheck 2019/12/05 v1.9 Rerun checks for auxiliary files (HO)

(/usr/share/texlive/texmf-dist/tex/generic/uniquecounter/uniquecounter.sty
Package: uniquecounter 2019/12/15 v1.4 Provide unlimited unique counter (HO)
)
Package uniquecounter Info: New unique counter `rerunfilecheck' on input line 2
86.
)
\Hy@SectionHShift=\skip54
)
Package hyperref Info: Option `colorlinks' set `true' on input line 16.

(/usr/share/texlive/texmf-dist/tex/latex/l3backend/l3backend-pdfmode.def
File: l3backend-pdfmode.def 2020-02-03 L3 backend support: PDF mode
\l__kernel_color_stack_int=\count268
\l__pdf_internal_box=\box48
)
(./main.aux (./tex_files/7_18_Overview.aux)
(./tex_files/7_18_Basic_Derivation_Simulation.aux)
(./tex_files/7_19_Analysis_Basic_Constant_Spike_Rate.aux

LaTeX Warning: Label `eq:simple_voltage_dynamics_constant_driving' multiply def
ined.

) (./tex_files/7_25_Analysis_Basic_Constant_Dynamical_System.aux)
(./tex_files/7_29_Analysis_Comparison_w_PCF.aux)
(./tex_files/8_15_Analysis_PCF_GJ_response_to_const_stimulus.aux))
\openout1 = `main.aux'.

LaTeX Font Info:    Checking defaults for OML/cmm/m/it on input line 24.
LaTeX Font Info:    ... okay on input line 24.
LaTeX Font Info:    Checking defaults for OMS/cmsy/m/n on input line 24.
LaTeX Font Info:    ... okay on input line 24.
LaTeX Font Info:    Checking defaults for OT1/cmr/m/n on input line 24.
LaTeX Font Info:    ... okay on input line 24.
LaTeX Font Info:    Checking defaults for T1/cmr/m/n on input line 24.
LaTeX Font Info:    ... okay on input line 24.
LaTeX Font Info:    Checking defaults for TS1/cmr/m/n on input line 24.
LaTeX Font Info:    ... okay on input line 24.
LaTeX Font Info:    Checking defaults for OMX/cmex/m/n on input line 24.
LaTeX Font Info:    ... okay on input line 24.
LaTeX Font Info:    Checking defaults for U/cmr/m/n on input line 24.
LaTeX Font Info:    ... okay on input line 24.
LaTeX Font Info:    Checking defaults for PD1/pdf/m/n on input line 24.
LaTeX Font Info:    ... okay on input line 24.

(/usr/share/texlive/texmf-dist/tex/context/base/mkii/supp-pdf.mkii
[Loading MPS to PDF converter (version 2006.09.02).]
\scratchcounter=\count269
\scratchdimen=\dimen158
\scratchbox=\box49
\nofMPsegments=\count270
\nofMParguments=\count271
\everyMPshowfont=\toks24
\MPscratchCnt=\count272
\MPscratchDim=\dimen159
\MPnumerator=\count273
\makeMPintoPDFobject=\count274
\everyMPtoPDFconversion=\toks25
) (/usr/share/texlive/texmf-dist/tex/latex/epstopdf-pkg/epstopdf-base.sty
Package: epstopdf-base 2020-01-24 v2.11 Base part for package epstopdf
Package epstopdf-base Info: Redefining graphics rule for `.eps' on input line 4
85.

(/usr/share/texlive/texmf-dist/tex/latex/latexconfig/epstopdf-sys.cfg
File: epstopdf-sys.cfg 2010/07/13 v1.3 Configuration of (r)epstopdf for TeX Liv
e
))
Package caption Info: Begin \AtBeginDocument code.
Package caption Info: hyperref package is loaded.
Package caption Info: End \AtBeginDocument code.
\AtBeginShipoutBox=\box50

(/usr/share/texlive/texmf-dist/tex/latex/graphics/color.sty
Package: color 2019/11/23 v1.2a Standard LaTeX Color (DPC)

(/usr/share/texlive/texmf-dist/tex/latex/graphics-cfg/color.cfg
File: color.cfg 2016/01/02 v1.6 sample color configuration
)
Package color Info: Driver file: pdftex.def on input line 147.
)
Package hyperref Info: Link coloring ON on input line 24.

(/usr/share/texlive/texmf-dist/tex/latex/hyperref/nameref.sty
Package: nameref 2019/09/16 v2.46 Cross-referencing by name of section

(/usr/share/texlive/texmf-dist/tex/latex/refcount/refcount.sty
Package: refcount 2019/12/15 v3.6 Data extraction from label references (HO)
)
(/usr/share/texlive/texmf-dist/tex/generic/gettitlestring/gettitlestring.sty
Package: gettitlestring 2019/12/15 v1.6 Cleanup title references (HO)
)
\c@section@level=\count275
)
LaTeX Info: Redefining \ref on input line 24.
LaTeX Info: Redefining \pageref on input line 24.
LaTeX Info: Redefining \nameref on input line 24.

(./main.out) (./main.out)
\@outlinefile=\write3
\openout3 = `main.out'.

LaTeX Font Info:    Trying to load font information for U+msa on input line 27.


(/usr/share/texlive/texmf-dist/tex/latex/amsfonts/umsa.fd
File: umsa.fd 2013/01/14 v3.01 AMS symbols A
)
LaTeX Font Info:    Trying to load font information for U+msb on input line 27.


(/usr/share/texlive/texmf-dist/tex/latex/amsfonts/umsb.fd
File: umsb.fd 2013/01/14 v3.01 AMS symbols B
) (./main.toc)
\tf@toc=\write4
\openout4 = `main.toc'.


[1

{/var/lib/texmf/fonts/map/pdftex/updmap/pdftex.map}]
\openout2 = `tex_files/7_18_Overview.aux'.


(./tex_files/7_18_Overview.tex
Underfull \hbox (badness 10000) in paragraph at lines 3--7

 []


Underfull \hbox (badness 10000) in paragraph at lines 14--21

 []


Underfull \hbox (badness 10000) in paragraph at lines 14--21

 []


Underfull \hbox (badness 10000) in paragraph at lines 14--21

 []

) [2


]
\openout2 = `tex_files/7_18_Basic_Derivation_Simulation.aux'.

 (./tex_files/7_18_Basic_Derivation_Simulation.tex [3



]
<figures/pcf_e_v_graphic.pdf, id=100, 584.80188pt x 829.14491pt>
File: figures/pcf_e_v_graphic.pdf Graphic file (type pdf)
<use figures/pcf_e_v_graphic.pdf>
Package pdftex.def Info: figures/pcf_e_v_graphic.pdf  used on input line 74.
(pdftex.def)             Requested size: 411.11642pt x 582.88986pt.


LaTeX Warning: Float too large for page by 32.45985pt on input line 77.

[4] [5 <./figures/pcf_e_v_graphic.pdf>]
Underfull \hbox (badness 10000) in paragraph at lines 91--94

 []


Underfull \hbox (badness 10000) in paragraph at lines 91--94

 []

[6

] [7]
<figures/ev_rotated_classic_graph.pdf, id=140, 540.09035pt x 209.4228pt>
File: figures/ev_rotated_classic_graph.pdf Graphic file (type pdf)
<use figures/ev_rotated_classic_graph.pdf>
Package pdftex.def Info: figures/ev_rotated_classic_graph.pdf  used on input li
ne 326.
(pdftex.def)             Requested size: 469.75502pt x 182.15802pt.
 [8 <./figures/ev_rotated_classic_graph.pdf>] [9]

LaTeX Warning: Reference `eq:rho_dot' on page 10 undefined on input line 411.

[10]

LaTeX Warning: Reference `eq:rho_dot' on page 11 undefined on input line 440.

<figures/network_decode.png, id=173, 956.8548pt x 574.5465pt>
File: figures/network_decode.png Graphic file (type png)
<use figures/network_decode.png>
Package pdftex.def Info: figures/network_decode.png  used on input line 505.
(pdftex.def)             Requested size: 352.31625pt x 211.54439pt.
<figures/decode_error.png, id=175, 956.8548pt x 574.5465pt>
File: figures/decode_error.png Graphic file (type png)
<use figures/decode_error.png>
Package pdftex.def Info: figures/decode_error.png  used on input line 507.
(pdftex.def)             Requested size: 352.31625pt x 211.54439pt.
<figures/membrane_potential_image.png, id=176, 898.3161pt x 572.3784pt>
File: figures/membrane_potential_image.png Graphic file (type png)
<use figures/membrane_potential_image.png>
Package pdftex.def Info: figures/membrane_potential_image.png  used on input li
ne 509.
(pdftex.def)             Requested size: 328.82707pt x 209.51463pt.

LaTeX Warning: Float too large for page by 14.1734pt on input line 510.

[11] [12 <./figures/network_decode.png> <./figures/decode_error.png> <./figures
/membrane_potential_image.png>]

Package caption Warning: \captionsetup{type*=...} or \captionof
(caption)                outside box or environment on input line 514.
See the caption package documentation for explanation.


Package caption Warning: The option `hypcap=true' will be ignored for this
(caption)                particular \caption on input line 517.
See the caption package documentation for explanation.


LaTeX Warning: Reference `eq:rho_dot' on page 13 undefined on input line 517.


LaTeX Warning: Reference `eq:rho_dot' on page 13 undefined on input line 517.

) [13]
\openout2 = `tex_files/7_19_Analysis_Basic_Constant_Spike_Rate.aux'.

 (./tex_files/7_19_Analysis_Basic_Constant_Spike_Rate.tex

LaTeX Warning: Reference `eq:rho_dot' on page 14 undefined on input line 6.


Underfull \hbox (badness 10000) in paragraph at lines 6--8

 []

[14



]
Underfull \hbox (badness 10000) in paragraph at lines 93--95

 []

<figures/phi_vs_k_const_driving.png, id=209, 505.1673pt x 341.1144pt>
File: figures/phi_vs_k_const_driving.png Graphic file (type png)
<use figures/phi_vs_k_const_driving.png>
Package pdftex.def Info: figures/phi_vs_k_const_driving.png  used on input line
 98.
(pdftex.def)             Requested size: 469.75502pt x 317.20706pt.
[15] [16 <./figures/phi_vs_k_const_driving.png>]
<figures/network_decode_long_term_estimate_const_driving.png, id=230, 959.7456p
t x 573.8238pt>
File: figures/network_decode_long_term_estimate_const_driving.png Graphic file 
(type png)
<use figures/network_decode_long_term_estimate_const_driving.png>
Package pdftex.def Info: figures/network_decode_long_term_estimate_const_drivin
g.png  used on input line 187.
(pdftex.def)             Requested size: 469.75502pt x 280.86967pt.


LaTeX Warning: `h' float specifier changed to `ht'.

[17] [18 <./figures/network_decode_long_term_estimate_const_driving.png>]
[19

]
<figures/rmse_sp_vs_k_const_driving.png, id=266, 1011.78pt x 574.5465pt>
File: figures/rmse_sp_vs_k_const_driving.png Graphic file (type png)
<use figures/rmse_sp_vs_k_const_driving.png>
Package pdftex.def Info: figures/rmse_sp_vs_k_const_driving.png  used on input 
line 305.
(pdftex.def)             Requested size: 469.75502pt x 266.75807pt.
<figures/rmse_sp_vs_phi_const_driving.png, id=267, 996.6033pt x 577.4373pt>
File: figures/rmse_sp_vs_phi_const_driving.png Graphic file (type png)
<use figures/rmse_sp_vs_phi_const_driving.png>
Package pdftex.def Info: figures/rmse_sp_vs_phi_const_driving.png  used on inpu
t line 307.
(pdftex.def)             Requested size: 469.75502pt x 272.17973pt.


LaTeX Warning: Float too large for page by 31.88017pt on input line 310.


LaTeX Warning: `h' float specifier changed to `ht'.

) [20] [21 <./figures/rmse_sp_vs_k_const_driving.png> <./figures/rmse_sp_vs_phi
_const_driving.png>]
\openout2 = `tex_files/7_25_Analysis_Basic_Constant_Dynamical_System.aux'.


(./tex_files/7_25_Analysis_Basic_Constant_Dynamical_System.tex

LaTeX Warning: Reference `eq:rotated_voltage_psc_def' on page 22 undefined on i
nput line 29.

[22



]

LaTeX Warning: Reference `eq:rho_dot' on page 23 undefined on input line 144.

[23] [24]
<figures/analysis_const_dynamics_const_driving_network_decode_explicit_comparis
on.png, id=312, 959.7456pt x 573.8238pt>
File: figures/analysis_const_dynamics_const_driving_network_decode_explicit_com
parison.png Graphic file (type png)
<use figures/analysis_const_dynamics_const_driving_network_decode_explicit_comp
arison.png>
Package pdftex.def Info: figures/analysis_const_dynamics_const_driving_network_
decode_explicit_comparison.png  used on input line 1007.
(pdftex.def)             Requested size: 469.75502pt x 280.86967pt.
 [25] [26 <./figures/analysis_const_dynamics_const_driving_network_decode_expli
cit_comparison.png>] [27]
<figures/rmse_sp_vs_s_const_driving.png, id=338, 970.5861pt x 578.16pt>
File: figures/rmse_sp_vs_s_const_driving.png Graphic file (type png)
<use figures/rmse_sp_vs_s_const_driving.png>
Package pdftex.def Info: figures/rmse_sp_vs_s_const_driving.png  used on input 
line 2167.
(pdftex.def)             Requested size: 469.75502pt x 279.82501pt.
<figures/rmse_sp_vs_phi_s_const_driving.png, id=339, 970.5861pt x 578.8827pt>
File: figures/rmse_sp_vs_phi_s_const_driving.png Graphic file (type png)
<use figures/rmse_sp_vs_phi_s_const_driving.png>
Package pdftex.def Info: figures/rmse_sp_vs_phi_s_const_driving.png  used on in
put line 2169.
(pdftex.def)             Requested size: 469.75502pt x 280.17479pt.


LaTeX Warning: Float too large for page by 41.39769pt on input line 2173.

) [28] [29 <./figures/rmse_sp_vs_s_const_driving.png> <./figures/rmse_sp_vs_phi
_s_const_driving.png>]
\openout2 = `tex_files/7_29_Analysis_Comparison_w_PCF.aux'.

 (./tex_files/7_29_Analysis_Comparison_w_PCF.tex
Underfull \hbox (badness 1112) in paragraph at lines 1--1
[]\OT1/cmr/bx/n/14.4 Derivation: The Pre-dic-tive Cod-ing Frame-work and Gap-
 []


Underfull \hbox (badness 10000) in paragraph at lines 8--12

 []


Underfull \hbox (badness 10000) in paragraph at lines 14--15

 []

[30



] [31]
Underfull \hbox (badness 10000) in paragraph at lines 197--198

 []

<figures/network_decode_PCF.png, id=378, 954.6867pt x 574.5465pt>
File: figures/network_decode_PCF.png Graphic file (type png)
<use figures/network_decode_PCF.png>
Package pdftex.def Info: figures/network_decode_PCF.png  used on input line 204
.
(pdftex.def)             Requested size: 469.75502pt x 282.71378pt.
<figures/decode_error_PCF.png, id=379, 971.3088pt x 574.5465pt>
File: figures/decode_error_PCF.png Graphic file (type png)
<use figures/decode_error_PCF.png>
Package pdftex.def Info: figures/decode_error_PCF.png  used on input line 205.
(pdftex.def)             Requested size: 469.75502pt x 277.87447pt.

LaTeX Warning: Float too large for page by 35.15823pt on input line 209.

[32] [33 <./figures/network_decode_PCF.png> <./figures/decode_error_PCF.png>]
<figures/network_decode_Gap-Junction.png, id=410, 954.6867pt x 574.5465pt>
File: figures/network_decode_Gap-Junction.png Graphic file (type png)
<use figures/network_decode_Gap-Junction.png>
Package pdftex.def Info: figures/network_decode_Gap-Junction.png  used on input
 line 296.
(pdftex.def)             Requested size: 469.75502pt x 282.71378pt.
<figures/decode_error_Gap-Junction.png, id=411, 971.3088pt x 574.5465pt>
File: figures/decode_error_Gap-Junction.png Graphic file (type png)
<use figures/decode_error_Gap-Junction.png>
Package pdftex.def Info: figures/decode_error_Gap-Junction.png  used on input l
ine 297.
(pdftex.def)             Requested size: 469.75502pt x 277.87447pt.

[34

] [35 <./figures/network_decode_Gap-Junction.png> <./figures/decode_error_Gap-J
unction.png>])
\openout2 = `tex_files/8_15_Analysis_PCF_GJ_response_to_const_stimulus.aux'.


(./tex_files/8_15_Analysis_PCF_GJ_response_to_const_stimulus.tex [36




] [37]
Underfull \hbox (badness 10000) in paragraph at lines 393--397

 []


Underfull \hbox (badness 10000) in paragraph at lines 417--423

 []

[38]
Underfull \hbox (badness 10000) in paragraph at lines 456--460

 []


Underfull \hbox (badness 10000) in paragraph at lines 471--475

 []


Underfull \hbox (badness 10000) in paragraph at lines 572--574

 []

[39]
Underfull \hbox (badness 10000) in paragraph at lines 645--647

 []


Overfull \hbox (15.61761pt too wide) detected at line 689
[]
 []

[40]
Underfull \hbox (badness 10000) in paragraph at lines 765--768

 []

[41] [42] [43] [44]
<figures/const_dynamics_network_decode_comparison_sc_pcf_gj.png, id=503, 959.74
56pt x 574.5465pt>
File: figures/const_dynamics_network_decode_comparison_sc_pcf_gj.png Graphic fi
le (type png)
<use figures/const_dynamics_network_decode_comparison_sc_pcf_gj.png>
Package pdftex.def Info: figures/const_dynamics_network_decode_comparison_sc_pc
f_gj.png  used on input line 1141.
(pdftex.def)             Requested size: 469.75502pt x 281.2234pt.
<figures/per_spike_rmse_vs_phi_sc_gj_pcf.png, id=511, 970.5861pt x 577.4373pt>
File: figures/per_spike_rmse_vs_phi_sc_gj_pcf.png Graphic file (type png)
<use figures/per_spike_rmse_vs_phi_sc_gj_pcf.png>
Package pdftex.def Info: figures/per_spike_rmse_vs_phi_sc_gj_pcf.png  used on i
nput line 1150.
(pdftex.def)             Requested size: 469.75502pt x 279.47522pt.
) [45

 <./figures/const_dynamics_network_decode_comparison_sc_pcf_gj.png>] [46 <./fig
ures/per_spike_rmse_vs_phi_sc_gj_pcf.png>]
Package atveryend Info: Empty hook `BeforeClearDocument' on input line 48.
Package atveryend Info: Empty hook `AfterLastShipout' on input line 48.
 (./main.aux
(./tex_files/7_18_Overview.aux)
(./tex_files/7_18_Basic_Derivation_Simulation.aux)
(./tex_files/7_19_Analysis_Basic_Constant_Spike_Rate.aux)
(./tex_files/7_25_Analysis_Basic_Constant_Dynamical_System.aux)
(./tex_files/7_29_Analysis_Comparison_w_PCF.aux)
(./tex_files/8_15_Analysis_PCF_GJ_response_to_const_stimulus.aux))
Package atveryend Info: Executing hook `AtVeryEndDocument' on input line 48.
Package atveryend Info: Executing hook `AtEndAfterFileList' on input line 48.
Package rerunfilecheck Info: File `main.out' has not changed.
(rerunfilecheck)             Checksum: C695FF6A5870DF1676095CD4A461DD1F;1025.


LaTeX Warning: There were undefined references.


LaTeX Warning: There were multiply-defined labels.

Package atveryend Info: Empty hook `AtVeryVeryEnd' on input line 48.
 ) 
Here is how much of TeX's memory you used:
 8184 strings out of 483183
 131360 string characters out of 5966292
 396873 words of memory out of 5000000
 22861 multiletter control sequences out of 15000+600000
 541860 words of font info for 60 fonts, out of 8000000 for 9000
 14 hyphenation exceptions out of 8191
 41i,15n,43p,1285b,493s stack positions out of 5000i,500n,10000p,200000b,80000s
 </home/chris/.texlive2019/texmf-var/fonts/pk/ljfour/jknappen/ec/tcrm1000.600
pk></usr/share/texlive/texmf-dist/fonts/type1/public/amsfonts/cm/cmbx10.pfb></u
sr/share/texlive/texmf-dist/fonts/type1/public/amsfonts/cm/cmbx12.pfb></usr/sha
re/texlive/texmf-dist/fonts/type1/public/amsfonts/cm/cmbxti10.pfb></usr/share/t
exlive/texmf-dist/fonts/type1/public/amsfonts/cm/cmex10.pfb></usr/share/texlive
/texmf-dist/fonts/type1/public/amsfonts/cmextra/cmex7.pfb></usr/share/texlive/t
exmf-dist/fonts/type1/public/amsfonts/cm/cmmi10.pfb></usr/share/texlive/texmf-d
ist/fonts/type1/public/amsfonts/cm/cmmi5.pfb></usr/share/texlive/texmf-dist/fon
ts/type1/public/amsfonts/cm/cmmi7.pfb></usr/share/texlive/texmf-dist/fonts/type
1/public/amsfonts/cm/cmr10.pfb></usr/share/texlive/texmf-dist/fonts/type1/publi
c/amsfonts/cm/cmr12.pfb></usr/share/texlive/texmf-dist/fonts/type1/public/amsfo
nts/cm/cmr17.pfb></usr/share/texlive/texmf-dist/fonts/type1/public/amsfonts/cm/
cmr5.pfb></usr/share/texlive/texmf-dist/fonts/type1/public/amsfonts/cm/cmr7.pfb
></usr/share/texlive/texmf-dist/fonts/type1/public/amsfonts/cm/cmsy10.pfb></usr
/share/texlive/texmf-dist/fonts/type1/public/amsfonts/cm/cmsy5.pfb></usr/share/
texlive/texmf-dist/fonts/type1/public/amsfonts/cm/cmsy7.pfb></usr/share/texlive
/texmf-dist/fonts/type1/public/amsfonts/cm/cmti10.pfb>
Output written on main.pdf (46 pages, 2854435 bytes).
PDF statistics:
 619 PDF objects out of 1000 (max. 8388607)
 486 compressed objects within 5 object streams
 143 named destinations out of 1000 (max. 500000)
 179 words of extra memory for PDF output out of 10000 (max. 10000000)

